[debug] [2021-09-15T04:21:17.066Z] ----------------------------------------------------------------------
[debug] [2021-09-15T04:21:17.070Z] Command:       C:\Program Files\nodejs\node.exe C:\Users\zanto\AppData\Roaming\npm\node_modules\firebase-tools\lib\bin\firebase.js init
[debug] [2021-09-15T04:21:17.071Z] CLI Version:   9.18.0
[debug] [2021-09-15T04:21:17.071Z] Platform:      win32
[debug] [2021-09-15T04:21:17.071Z] Node Version:  v14.17.6
[debug] [2021-09-15T04:21:17.073Z] Time:          Tue Sep 14 2021 23:21:17 GMT-0500 (hora de verano central)
[debug] [2021-09-15T04:21:17.073Z] ----------------------------------------------------------------------
[debug] 
[debug] [2021-09-15T04:21:17.160Z] > command requires scopes: ["email","openid","https://www.googleapis.com/auth/cloudplatformprojects.readonly","https://www.googleapis.com/auth/firebase","https://www.googleapis.com/auth/cloud-platform"]
[debug] [2021-09-15T04:21:17.160Z] > authorizing via signed-in user (an2834411@gmail.com)
[info] 
     ######## #### ########  ######## ########     ###     ######  ########
     ##        ##  ##     ## ##       ##     ##  ##   ##  ##       ##
     ######    ##  ########  ######   ########  #########  ######  ######
     ##        ##  ##    ##  ##       ##     ## ##     ##       ## ##
     ##       #### ##     ## ######## ########  ##     ##  ######  ########

You're about to initialize a Firebase project in this directory:

  C:\Users\zanto\Desktop\CRUD\angular-crud-firebase

Before we get started, keep in mind:

  * You are initializing within an existing Firebase project directory

